[0319/200616.145:ERROR:cert_issuer_source_aia.cc(34)] Error parsing cert retrieved from AIA (as DER):
ERROR: Couldn't read tbsCertificate as SEQUENCE
ERROR: Failed parsing Certificate

[0319/200616.517:INFO:CONSOLE(1)] "Hotjar not launching due to suspicious userAgent: Mozilla/5.0 (Windows NT 10.0; Win64; x64) AppleWebKit/537.36 (KHTML, like Gecko) HeadlessChrome/111.0.5555.0 Safari/537.36", source: https://www.ratemyprofessors.com/static/js/main.83c5d589.js (1)
[0319/200616.608:INFO:CONSOLE(1)] "https://www.ratemyprofessors.com/search/teachers?query=Kevin%20Andrea", source: https://www.ratemyprofessors.com/static/js/main.83c5d589.js (1)
[0319/200616.675:INFO:CONSOLE(1)] "Unable to get timing for ads timing analytics [object DOMException]", source: https://www.ratemyprofessors.com/static/js/main.83c5d589.js (1)
[0319/200617.112:INFO:CONSOLE(1)] "{"mode":"alternating-thumbnails-a","placement":"Below Article Thumbnails","target_type":"mix","container":"taboola-below-article-thumbnails"}", source: https://www.ratemyprofessors.com/static/js/main.83c5d589.js (1)
[0319/200617.117:INFO:CONSOLE(1)] "Below Article Thumbnails alternating-thumbnails-a", source: https://www.ratemyprofessors.com/static/js/main.83c5d589.js (1)
[0319/200617.385:INFO:CONSOLE(1)] "{"name":"Below Article Thumbnails","nb":"1","eof":"","fti":"cheddar-ratemyprofessor-feed-action-bucket-1677836206279","vsm":true}", source: https://www.ratemyprofessors.com/static/js/main.83c5d589.js (1)
[0319/200617.390:INFO:CONSOLE(1)] "Start Rendering Below Article Thumbnails | Card 1", source: https://www.ratemyprofessors.com/static/js/main.83c5d589.js (1)
[0319/200617.396:INFO:CONSOLE(1)] "Finish Rendering Below Article Thumbnails | Card 1", source: https://www.ratemyprofessors.com/static/js/main.83c5d589.js (1)
[0319/200617.399:INFO:CONSOLE(1)] "{"name":"Below Article Thumbnails","nb":"1","eof":"","fti":"cheddar-ratemyprofessor-feed-action-bucket-1677836206279","vsm":true}", source: https://www.ratemyprofessors.com/static/js/main.83c5d589.js (1)
[0319/200617.400:INFO:CONSOLE(1)] "Start Rendering Below Article Thumbnails | Card 2", source: https://www.ratemyprofessors.com/static/js/main.83c5d589.js (1)
[0319/200617.401:INFO:CONSOLE(1)] "Finish Rendering Below Article Thumbnails | Card 2", source: https://www.ratemyprofessors.com/static/js/main.83c5d589.js (1)
[0319/200617.442:INFO:CONSOLE(1)] "Below Article Thumbnails alternating-thumbnails-a", source: https://www.ratemyprofessors.com/static/js/main.83c5d589.js (1)
[0319/200617.445:INFO:CONSOLE(1)] "Finish Rendering Below Article Thumbnails | Card 1", source: https://www.ratemyprofessors.com/static/js/main.83c5d589.js (1)
[0319/200617.446:INFO:CONSOLE(1)] "Finish Rendering Below Article Thumbnails | Card 2", source: https://www.ratemyprofessors.com/static/js/main.83c5d589.js (1)
[0319/200617.466:INFO:CONSOLE(1)] "Finish Rendering Below Article Thumbnails | Card 1", source: https://www.ratemyprofessors.com/static/js/main.83c5d589.js (1)
[0319/200617.469:INFO:CONSOLE(1)] "Finish Rendering Below Article Thumbnails | Card 2", source: https://www.ratemyprofessors.com/static/js/main.83c5d589.js (1)
[0319/200617.474:INFO:CONSOLE(1)] "Finish Rendering Below Article Thumbnails | Card 1", source: https://www.ratemyprofessors.com/static/js/main.83c5d589.js (1)
[0319/200617.481:INFO:CONSOLE(1)] "Finish Rendering Below Article Thumbnails | Card 2", source: https://www.ratemyprofessors.com/static/js/main.83c5d589.js (1)
[0319/200617.538:INFO:CONSOLE(0)] "Uncaught (in promise) NotSupportedError: Failed to load because no supported source was found.", source: https://www.ratemyprofessors.com/search/teachers?query=Kevin%20Andrea (0)
[0319/200617.690:INFO:CONSOLE(3)] "%c STNVideo Embed [VYC] %c %s background:hsl(40, 94%, 56%);font-weight:bolder;color:black  Embed Load Build: 7.14.0", source: https://embed.sendtonews.com/player3/embedcode.js?fk=u2GaQCdD&cid=13750&offsetx=0&offsety=0&floatwidth=400&floatposition=bottom-right (3)
[0319/200617.690:INFO:CONSOLE(3)] "%c STNVideo Embed [VYC] %c %s background:hsl(40, 94%, 56%);font-weight:bolder;color:black  Reading Environment", source: https://embed.sendtonews.com/player3/embedcode.js?fk=u2GaQCdD&cid=13750&offsetx=0&offsety=0&floatwidth=400&floatposition=bottom-right (3)
[0319/200617.690:INFO:CONSOLE(3)] "%c STNVideo Embed [VYC] %c %s background:hsl(40, 94%, 56%);font-weight:bolder;color:black  Environment
 ▪ In Root: true
 ▪ Master Exists: false
 ▪ I Am Master: false", source: https://embed.sendtonews.com/player3/embedcode.js?fk=u2GaQCdD&cid=13750&offsetx=0&offsety=0&floatwidth=400&floatposition=bottom-right (3)
[0319/200617.690:INFO:CONSOLE(3)] "%c STNVideo Embed [VYC] %c %s background:hsl(40, 94%, 56%);font-weight:bolder;color:black  Taking Control
 ▪ Master Exists: true
 ▪ I Am Master: true
 ▪ Master: VYC", source: https://embed.sendtonews.com/player3/embedcode.js?fk=u2GaQCdD&cid=13750&offsetx=0&offsety=0&floatwidth=400&floatposition=bottom-right (3)
[0319/200617.690:INFO:CONSOLE(3)] "%c STNVideo Embed [VYC] %c %s background:hsl(40, 94%, 56%);font-weight:bolder;color:black  Scanning Root - Persistent Monitoring", source: https://embed.sendtonews.com/player3/embedcode.js?fk=u2GaQCdD&cid=13750&offsetx=0&offsety=0&floatwidth=400&floatposition=bottom-right (3)
[0319/200617.910:INFO:CONSOLE(1)] "%c STNVideo Embed [VYC] %c %s background:hsl(40, 94%, 56%);font-weight:bolder;color:black  Loading Player
 ▪ Document ID: 1
 ▪ Source: https://embed.sendtonews.com/easy-stn-player/7.14.0/easy-stn-player.js", source: https://www.ratemyprofessors.com/static/js/main.83c5d589.js (1)
[0319/200618.097:INFO:CONSOLE(1)] "%c STNVideo Embed [QZV] %c %s background:hsl(40, 94%, 56%);font-weight:bolder;color:black  Embed Load Build: 7.14.0", source: https://www.ratemyprofessors.com/static/js/main.83c5d589.js (1)
[0319/200618.097:INFO:CONSOLE(1)] "%c STNVideo Embed [VYC] %c %s background:hsl(40, 94%, 56%);font-weight:bolder;color:black  Sending Environment", source: https://www.ratemyprofessors.com/static/js/main.83c5d589.js (1)
[0319/200618.097:INFO:CONSOLE(1)] "%c STNVideo Embed [QZV] %c %s background:hsl(40, 94%, 56%);font-weight:bolder;color:black  Reading Environment", source: https://www.ratemyprofessors.com/static/js/main.83c5d589.js (1)
[0319/200618.098:INFO:CONSOLE(1)] "%c STNVideo Embed [QZV] %c %s background:hsl(40, 94%, 56%);font-weight:bolder;color:black  Environment
 ▪ In Root: true
 ▪ Master Exists: true
 ▪ I Am Master: false", source: https://www.ratemyprofessors.com/static/js/main.83c5d589.js (1)
[0319/200618.098:INFO:CONSOLE(1)] "%c STNVideo Embed [QZV] %c %s background:hsl(40, 94%, 56%);font-weight:bolder;color:black  I am Not Master
 ▪ Terminating", source: https://www.ratemyprofessors.com/static/js/main.83c5d589.js (1)
[0319/200618.179:ERROR:cert_issuer_source_aia.cc(34)] Error parsing cert retrieved from AIA (as DER):
ERROR: Couldn't read tbsCertificate as SEQUENCE
ERROR: Failed parsing Certificate

[0319/200618.189:INFO:CONSOLE(1)] "Hotjar not launching due to suspicious userAgent: Mozilla/5.0 (Windows NT 10.0; Win64; x64) AppleWebKit/537.36 (KHTML, like Gecko) HeadlessChrome/111.0.5555.0 Safari/537.36", source: https://www.ratemyprofessors.com/static/js/main.83c5d589.js (1)
[0319/200618.281:INFO:CONSOLE(1)] "Hls.js is not supported in this browser.", source: https://www.ratemyprofessors.com/static/js/main.83c5d589.js (1)
[0319/200618.372:INFO:CONSOLE(1)] "Unable to get timing for ads timing analytics [object DOMException]", source: https://www.ratemyprofessors.com/static/js/main.83c5d589.js (1)
[0319/200618.428:INFO:CONSOLE(469)] "An iframe which has both allow-scripts and allow-same-origin for its sandbox attribute can remove its sandboxing.", source: https://imasdk.googleapis.com/js/sdkloader/ima3.js (469)
[0319/200618.446:INFO:CONSOLE(0)] "An iframe which has both allow-scripts and allow-same-origin for its sandbox attribute can remove its sandboxing.", source: about:srcdoc (0)
[0319/200618.533:INFO:CONSOLE(1)] "Attempting native browser m3u8 playback.", source: https://www.ratemyprofessors.com/static/js/main.83c5d589.js (1)
[0319/200618.768:ERROR:cert_issuer_source_aia.cc(34)] Error parsing cert retrieved from AIA (as DER):
ERROR: Couldn't read tbsCertificate as SEQUENCE
ERROR: Failed parsing Certificate

[0319/200618.845:INFO:CONSOLE(1)] "Origin trial controlled feature not enabled: 'attribution-reporting'.", source: https://a.teads.tv/media/format/v3/teads-format.min.js (1)
[0319/200619.047:INFO:CONSOLE(1)] "%c STNVideo Embed [VYC] %c %s background:hsl(40, 94%, 56%);font-weight:bolder;color:black  Document Has Already Been Processed
 ▪ id: 7
 ▪ location: https://www.ratemyprofessors.com/professor/2310558", source: https://www.ratemyprofessors.com/static/js/main.83c5d589.js (1)
[0319/200619.047:INFO:CONSOLE(1)] "%c STNVideo Embed [VYC] %c %s background:hsl(40, 94%, 56%);font-weight:bolder;color:black  Document Has Already Been Processed
 ▪ id: 8
 ▪ location: https://www.ratemyprofessors.com/professor/2310558", source: https://www.ratemyprofessors.com/static/js/main.83c5d589.js (1)
[0319/200619.068:INFO:CONSOLE(1)] "%c STNVideo Embed [VYC] %c %s background:hsl(40, 94%, 56%);font-weight:bolder;color:black  Document Has Already Been Processed
 ▪ id: 9
 ▪ location: https://www.ratemyprofessors.com/professor/2310558", source: https://www.ratemyprofessors.com/static/js/main.83c5d589.js (1)
[0319/200619.068:INFO:CONSOLE(1)] "%c STNVideo Embed [VYC] %c %s background:hsl(40, 94%, 56%);font-weight:bolder;color:black  Document Has Already Been Processed
 ▪ id: 10
 ▪ location: https://www.ratemyprofessors.com/professor/2310558", source: https://www.ratemyprofessors.com/static/js/main.83c5d589.js (1)
[0319/200619.101:INFO:CONSOLE(1)] "%c STNVideo Embed [VYC] %c %s background:hsl(40, 94%, 56%);font-weight:bolder;color:black  Document Has Already Been Processed
 ▪ id: 11
 ▪ location: about:blank", source: https://www.ratemyprofessors.com/static/js/main.83c5d589.js (1)
[0319/200619.116:INFO:CONSOLE(1)] "%c STNVideo Embed [VYC] %c %s background:hsl(40, 94%, 56%);font-weight:bolder;color:black  Document Has Already Been Processed
 ▪ id: 10
 ▪ location: https://www.ratemyprofessors.com/professor/2310558", source: https://www.ratemyprofessors.com/static/js/main.83c5d589.js (1)
[0319/200619.116:INFO:CONSOLE(1)] "%c STNVideo Embed [VYC] %c %s background:hsl(40, 94%, 56%);font-weight:bolder;color:black  Document Has Already Been Processed
 ▪ id: 9
 ▪ location: https://www.ratemyprofessors.com/professor/2310558", source: https://www.ratemyprofessors.com/static/js/main.83c5d589.js (1)
[0319/200619.116:INFO:CONSOLE(1)] "%c STNVideo Embed [VYC] %c %s background:hsl(40, 94%, 56%);font-weight:bolder;color:black  Document Has Already Been Processed
 ▪ id: 10
 ▪ location: https://www.ratemyprofessors.com/professor/2310558", source: https://www.ratemyprofessors.com/static/js/main.83c5d589.js (1)
[0319/200619.199:INFO:CONSOLE(1)] "%c STNVideo Embed [VYC] %c %s background:hsl(40, 94%, 56%);font-weight:bolder;color:black  Document Has Already Been Processed
 ▪ id: 12
 ▪ location: https://www.ratemyprofessors.com/professor/2310558", source: https://www.ratemyprofessors.com/static/js/main.83c5d589.js (1)
[0319/200619.199:INFO:CONSOLE(1)] "%c STNVideo Embed [VYC] %c %s background:hsl(40, 94%, 56%);font-weight:bolder;color:black  Document Has Already Been Processed
 ▪ id: 12
 ▪ location: https://www.ratemyprofessors.com/professor/2310558", source: https://www.ratemyprofessors.com/static/js/main.83c5d589.js (1)
[0319/200619.273:INFO:CONSOLE(1)] "%c STNVideo Embed [VYC] %c %s background:hsl(40, 94%, 56%);font-weight:bolder;color:black  Document Has Already Been Processed
 ▪ id: 12
 ▪ location: https://www.ratemyprofessors.com/professor/2310558", source: https://www.ratemyprofessors.com/static/js/main.83c5d589.js (1)
[0319/200619.297:INFO:CONSOLE(1)] "%c STNVideo Embed [VYC] %c %s background:hsl(40, 94%, 56%);font-weight:bolder;color:black  Document Has Already Been Processed
 ▪ id: 8
 ▪ location: https://www.ratemyprofessors.com/professor/2310558", source: https://www.ratemyprofessors.com/static/js/main.83c5d589.js (1)
[0319/200619.297:INFO:CONSOLE(1)] "%c STNVideo Embed [VYC] %c %s background:hsl(40, 94%, 56%);font-weight:bolder;color:black  Document Has Already Been Processed
 ▪ id: 14
 ▪ location: about:srcdoc", source: https://www.ratemyprofessors.com/static/js/main.83c5d589.js (1)
[0319/200619.297:INFO:CONSOLE(1)] "%c STNVideo Embed [VYC] %c %s background:hsl(40, 94%, 56%);font-weight:bolder;color:black  Document Has Already Been Processed
 ▪ id: 7
 ▪ location: https://www.ratemyprofessors.com/professor/2310558", source: https://www.ratemyprofessors.com/static/js/main.83c5d589.js (1)
[0319/200619.297:INFO:CONSOLE(1)] "%c STNVideo Embed [VYC] %c %s background:hsl(40, 94%, 56%);font-weight:bolder;color:black  Document Has Already Been Processed
 ▪ id: 8
 ▪ location: https://www.ratemyprofessors.com/professor/2310558", source: https://www.ratemyprofessors.com/static/js/main.83c5d589.js (1)
[0319/200619.297:INFO:CONSOLE(1)] "%c STNVideo Embed [VYC] %c %s background:hsl(40, 94%, 56%);font-weight:bolder;color:black  Document Has Already Been Processed
 ▪ id: 14
 ▪ location: about:srcdoc", source: https://www.ratemyprofessors.com/static/js/main.83c5d589.js (1)
[0319/200619.297:INFO:CONSOLE(1)] "%c STNVideo Embed [VYC] %c %s background:hsl(40, 94%, 56%);font-weight:bolder;color:black  Document Has Already Been Processed
 ▪ id: 1
 ▪ location: https://www.ratemyprofessors.com/professor/2310558", source: https://www.ratemyprofessors.com/static/js/main.83c5d589.js (1)
[0319/200619.297:INFO:CONSOLE(1)] "%c STNVideo Embed [VYC] %c %s background:hsl(40, 94%, 56%);font-weight:bolder;color:black  Document Has Already Been Processed
 ▪ id: 3
 ▪ location: https://www.ratemyprofessors.com/professor/2310558", source: https://www.ratemyprofessors.com/static/js/main.83c5d589.js (1)
[0319/200619.298:INFO:CONSOLE(1)] "%c STNVideo Embed [VYC] %c %s background:hsl(40, 94%, 56%);font-weight:bolder;color:black  Document Has Already Been Processed
 ▪ id: 9
 ▪ location: https://www.ratemyprofessors.com/professor/2310558", source: https://www.ratemyprofessors.com/static/js/main.83c5d589.js (1)
[0319/200619.298:INFO:CONSOLE(1)] "%c STNVideo Embed [VYC] %c %s background:hsl(40, 94%, 56%);font-weight:bolder;color:black  Document Has Already Been Processed
 ▪ id: 10
 ▪ location: https://www.ratemyprofessors.com/professor/2310558", source: https://www.ratemyprofessors.com/static/js/main.83c5d589.js (1)
[0319/200619.298:INFO:CONSOLE(1)] "%c STNVideo Embed [VYC] %c %s background:hsl(40, 94%, 56%);font-weight:bolder;color:black  Document Has Already Been Processed
 ▪ id: 13
 ▪ location: about:blank", source: https://www.ratemyprofessors.com/static/js/main.83c5d589.js (1)
[0319/200619.298:INFO:CONSOLE(1)] "%c STNVideo Embed [VYC] %c %s background:hsl(40, 94%, 56%);font-weight:bolder;color:black  Document Has Already Been Processed
 ▪ id: 7
 ▪ location: https://www.ratemyprofessors.com/professor/2310558", source: https://www.ratemyprofessors.com/static/js/main.83c5d589.js (1)
[0319/200619.298:INFO:CONSOLE(1)] "%c STNVideo Embed [VYC] %c %s background:hsl(40, 94%, 56%);font-weight:bolder;color:black  Document Has Already Been Processed
 ▪ id: 8
 ▪ location: https://www.ratemyprofessors.com/professor/2310558", source: https://www.ratemyprofessors.com/static/js/main.83c5d589.js (1)
[0319/200619.298:INFO:CONSOLE(1)] "%c STNVideo Embed [VYC] %c %s background:hsl(40, 94%, 56%);font-weight:bolder;color:black  Document Has Already Been Processed
 ▪ id: 14
 ▪ location: about:srcdoc", source: https://www.ratemyprofessors.com/static/js/main.83c5d589.js (1)
[0319/200619.298:INFO:CONSOLE(1)] "%c STNVideo Embed [VYC] %c %s background:hsl(40, 94%, 56%);font-weight:bolder;color:black  Document Has Already Been Processed
 ▪ id: 2
 ▪ location: about:blank", source: https://www.ratemyprofessors.com/static/js/main.83c5d589.js (1)
[0319/200619.298:INFO:CONSOLE(1)] "%c STNVideo Embed [VYC] %c %s background:hsl(40, 94%, 56%);font-weight:bolder;color:black  Document Has Already Been Processed
 ▪ id: 12
 ▪ location: https://www.ratemyprofessors.com/professor/2310558", source: https://www.ratemyprofessors.com/static/js/main.83c5d589.js (1)
